INFO:root:class: ['class Imgcodecs', '', [], []]
INFO:root:ok: ClassInfo [base='' ; classname='' ; classpath='' ; cname='Imgcodecs' ; consts='[]' ; imports='set([])' ; jname='Imgcodecs' ; methods='{}' ; methods_suffixes='{}' ; name='Imgcodecs' ; namespace='' ; private_consts='[]' ; props='[]']
INFO:root:=== Header: /Users/swinston/Mirada/lib/c/opencv/modules/imgcodecs/include/opencv2/imgcodecs/imgcodecs_c.h
INFO:root:=== Namespaces: set([''])
INFO:root:constant: ['const CV_LOAD_IMAGE_UNCHANGED', '-1', [], []]
INFO:root:ok: ConstInfo [addedManually='False' ; classname='Imgcodecs' ; classpath='' ; cname='CV_LOAD_IMAGE_UNCHANGED' ; name='CV_LOAD_IMAGE_UNCHANGED' ; namespace='' ; value='-1']
INFO:root:constant: ['const CV_LOAD_IMAGE_GRAYSCALE', '0', [], []]
INFO:root:ok: ConstInfo [addedManually='False' ; classname='Imgcodecs' ; classpath='' ; cname='CV_LOAD_IMAGE_GRAYSCALE' ; name='CV_LOAD_IMAGE_GRAYSCALE' ; namespace='' ; value='0']
INFO:root:constant: ['const CV_LOAD_IMAGE_COLOR', '1', [], []]
INFO:root:ok: ConstInfo [addedManually='False' ; classname='Imgcodecs' ; classpath='' ; cname='CV_LOAD_IMAGE_COLOR' ; name='CV_LOAD_IMAGE_COLOR' ; namespace='' ; value='1']
INFO:root:constant: ['const CV_LOAD_IMAGE_ANYDEPTH', '2', [], []]
INFO:root:ok: ConstInfo [addedManually='False' ; classname='Imgcodecs' ; classpath='' ; cname='CV_LOAD_IMAGE_ANYDEPTH' ; name='CV_LOAD_IMAGE_ANYDEPTH' ; namespace='' ; value='2']
INFO:root:constant: ['const CV_LOAD_IMAGE_ANYCOLOR', '4', [], []]
INFO:root:ok: ConstInfo [addedManually='False' ; classname='Imgcodecs' ; classpath='' ; cname='CV_LOAD_IMAGE_ANYCOLOR' ; name='CV_LOAD_IMAGE_ANYCOLOR' ; namespace='' ; value='4']
INFO:root:constant: ['const CV_IMWRITE_JPEG_QUALITY', '1', [], []]
INFO:root:ok: ConstInfo [addedManually='False' ; classname='Imgcodecs' ; classpath='' ; cname='CV_IMWRITE_JPEG_QUALITY' ; name='CV_IMWRITE_JPEG_QUALITY' ; namespace='' ; value='1']
INFO:root:constant: ['const CV_IMWRITE_JPEG_PROGRESSIVE', '2', [], []]
INFO:root:ok: ConstInfo [addedManually='False' ; classname='Imgcodecs' ; classpath='' ; cname='CV_IMWRITE_JPEG_PROGRESSIVE' ; name='CV_IMWRITE_JPEG_PROGRESSIVE' ; namespace='' ; value='2']
INFO:root:constant: ['const CV_IMWRITE_JPEG_OPTIMIZE', '3', [], []]
INFO:root:ok: ConstInfo [addedManually='False' ; classname='Imgcodecs' ; classpath='' ; cname='CV_IMWRITE_JPEG_OPTIMIZE' ; name='CV_IMWRITE_JPEG_OPTIMIZE' ; namespace='' ; value='3']
INFO:root:constant: ['const CV_IMWRITE_JPEG_RST_INTERVAL', '4', [], []]
INFO:root:ok: ConstInfo [addedManually='False' ; classname='Imgcodecs' ; classpath='' ; cname='CV_IMWRITE_JPEG_RST_INTERVAL' ; name='CV_IMWRITE_JPEG_RST_INTERVAL' ; namespace='' ; value='4']
INFO:root:constant: ['const CV_IMWRITE_JPEG_LUMA_QUALITY', '5', [], []]
INFO:root:ok: ConstInfo [addedManually='False' ; classname='Imgcodecs' ; classpath='' ; cname='CV_IMWRITE_JPEG_LUMA_QUALITY' ; name='CV_IMWRITE_JPEG_LUMA_QUALITY' ; namespace='' ; value='5']
INFO:root:constant: ['const CV_IMWRITE_JPEG_CHROMA_QUALITY', '6', [], []]
INFO:root:ok: ConstInfo [addedManually='False' ; classname='Imgcodecs' ; classpath='' ; cname='CV_IMWRITE_JPEG_CHROMA_QUALITY' ; name='CV_IMWRITE_JPEG_CHROMA_QUALITY' ; namespace='' ; value='6']
INFO:root:constant: ['const CV_IMWRITE_PNG_COMPRESSION', '16', [], []]
INFO:root:ok: ConstInfo [addedManually='False' ; classname='Imgcodecs' ; classpath='' ; cname='CV_IMWRITE_PNG_COMPRESSION' ; name='CV_IMWRITE_PNG_COMPRESSION' ; namespace='' ; value='16']
INFO:root:constant: ['const CV_IMWRITE_PNG_STRATEGY', '17', [], []]
INFO:root:ok: ConstInfo [addedManually='False' ; classname='Imgcodecs' ; classpath='' ; cname='CV_IMWRITE_PNG_STRATEGY' ; name='CV_IMWRITE_PNG_STRATEGY' ; namespace='' ; value='17']
INFO:root:constant: ['const CV_IMWRITE_PNG_BILEVEL', '18', [], []]
INFO:root:ok: ConstInfo [addedManually='False' ; classname='Imgcodecs' ; classpath='' ; cname='CV_IMWRITE_PNG_BILEVEL' ; name='CV_IMWRITE_PNG_BILEVEL' ; namespace='' ; value='18']
INFO:root:constant: ['const CV_IMWRITE_PNG_STRATEGY_DEFAULT', '0', [], []]
INFO:root:ok: ConstInfo [addedManually='False' ; classname='Imgcodecs' ; classpath='' ; cname='CV_IMWRITE_PNG_STRATEGY_DEFAULT' ; name='CV_IMWRITE_PNG_STRATEGY_DEFAULT' ; namespace='' ; value='0']
INFO:root:constant: ['const CV_IMWRITE_PNG_STRATEGY_FILTERED', '1', [], []]
INFO:root:ok: ConstInfo [addedManually='False' ; classname='Imgcodecs' ; classpath='' ; cname='CV_IMWRITE_PNG_STRATEGY_FILTERED' ; name='CV_IMWRITE_PNG_STRATEGY_FILTERED' ; namespace='' ; value='1']
INFO:root:constant: ['const CV_IMWRITE_PNG_STRATEGY_HUFFMAN_ONLY', '2', [], []]
INFO:root:ok: ConstInfo [addedManually='False' ; classname='Imgcodecs' ; classpath='' ; cname='CV_IMWRITE_PNG_STRATEGY_HUFFMAN_ONLY' ; name='CV_IMWRITE_PNG_STRATEGY_HUFFMAN_ONLY' ; namespace='' ; value='2']
INFO:root:constant: ['const CV_IMWRITE_PNG_STRATEGY_RLE', '3', [], []]
INFO:root:ok: ConstInfo [addedManually='False' ; classname='Imgcodecs' ; classpath='' ; cname='CV_IMWRITE_PNG_STRATEGY_RLE' ; name='CV_IMWRITE_PNG_STRATEGY_RLE' ; namespace='' ; value='3']
INFO:root:constant: ['const CV_IMWRITE_PNG_STRATEGY_FIXED', '4', [], []]
INFO:root:ok: ConstInfo [addedManually='False' ; classname='Imgcodecs' ; classpath='' ; cname='CV_IMWRITE_PNG_STRATEGY_FIXED' ; name='CV_IMWRITE_PNG_STRATEGY_FIXED' ; namespace='' ; value='4']
INFO:root:constant: ['const CV_IMWRITE_PXM_BINARY', '32', [], []]
INFO:root:ok: ConstInfo [addedManually='False' ; classname='Imgcodecs' ; classpath='' ; cname='CV_IMWRITE_PXM_BINARY' ; name='CV_IMWRITE_PXM_BINARY' ; namespace='' ; value='32']
INFO:root:constant: ['const CV_IMWRITE_WEBP_QUALITY', '64', [], []]
INFO:root:ok: ConstInfo [addedManually='False' ; classname='Imgcodecs' ; classpath='' ; cname='CV_IMWRITE_WEBP_QUALITY' ; name='CV_IMWRITE_WEBP_QUALITY' ; namespace='' ; value='64']
INFO:root:constant: ['const CV_CVTIMG_FLIP', '1', [], []]
INFO:root:ok: ConstInfo [addedManually='False' ; classname='Imgcodecs' ; classpath='' ; cname='CV_CVTIMG_FLIP' ; name='CV_CVTIMG_FLIP' ; namespace='' ; value='1']
INFO:root:constant: ['const CV_CVTIMG_SWAP_RB', '2', [], []]
INFO:root:ok: ConstInfo [addedManually='False' ; classname='Imgcodecs' ; classpath='' ; cname='CV_CVTIMG_SWAP_RB' ; name='CV_CVTIMG_SWAP_RB' ; namespace='' ; value='2']
INFO:root:=== Header: /Users/swinston/Mirada/lib/c/opencv/modules/imgcodecs/include/opencv2/imgcodecs/ios.h
INFO:root:=== Namespaces: set([''])
INFO:root:=== Header: /Users/swinston/Mirada/lib/c/opencv/modules/imgcodecs/include/opencv2/imgcodecs.hpp
INFO:root:=== Namespaces: set(['', 'cv'])
INFO:root:constant: ['const cv.IMREAD_UNCHANGED', '-1', [], []]
INFO:root:ok: ConstInfo [addedManually='False' ; classname='Imgcodecs' ; classpath='' ; cname='IMREAD_UNCHANGED' ; name='IMREAD_UNCHANGED' ; namespace='cv' ; value='-1']
INFO:root:constant: ['const cv.IMREAD_GRAYSCALE', '0', [], []]
INFO:root:ok: ConstInfo [addedManually='False' ; classname='Imgcodecs' ; classpath='' ; cname='IMREAD_GRAYSCALE' ; name='IMREAD_GRAYSCALE' ; namespace='cv' ; value='0']
INFO:root:constant: ['const cv.IMREAD_COLOR', '1', [], []]
INFO:root:ok: ConstInfo [addedManually='False' ; classname='Imgcodecs' ; classpath='' ; cname='IMREAD_COLOR' ; name='IMREAD_COLOR' ; namespace='cv' ; value='1']
INFO:root:constant: ['const cv.IMREAD_ANYDEPTH', '2', [], []]
INFO:root:ok: ConstInfo [addedManually='False' ; classname='Imgcodecs' ; classpath='' ; cname='IMREAD_ANYDEPTH' ; name='IMREAD_ANYDEPTH' ; namespace='cv' ; value='2']
INFO:root:constant: ['const cv.IMREAD_ANYCOLOR', '4', [], []]
INFO:root:ok: ConstInfo [addedManually='False' ; classname='Imgcodecs' ; classpath='' ; cname='IMREAD_ANYCOLOR' ; name='IMREAD_ANYCOLOR' ; namespace='cv' ; value='4']
INFO:root:constant: ['const cv.IMREAD_LOAD_GDAL', '8', [], []]
INFO:root:ok: ConstInfo [addedManually='False' ; classname='Imgcodecs' ; classpath='' ; cname='IMREAD_LOAD_GDAL' ; name='IMREAD_LOAD_GDAL' ; namespace='cv' ; value='8']
INFO:root:constant: ['const cv.IMWRITE_JPEG_QUALITY', '1', [], []]
INFO:root:ok: ConstInfo [addedManually='False' ; classname='Imgcodecs' ; classpath='' ; cname='IMWRITE_JPEG_QUALITY' ; name='IMWRITE_JPEG_QUALITY' ; namespace='cv' ; value='1']
INFO:root:constant: ['const cv.IMWRITE_JPEG_PROGRESSIVE', '2', [], []]
INFO:root:ok: ConstInfo [addedManually='False' ; classname='Imgcodecs' ; classpath='' ; cname='IMWRITE_JPEG_PROGRESSIVE' ; name='IMWRITE_JPEG_PROGRESSIVE' ; namespace='cv' ; value='2']
INFO:root:constant: ['const cv.IMWRITE_JPEG_OPTIMIZE', '3', [], []]
INFO:root:ok: ConstInfo [addedManually='False' ; classname='Imgcodecs' ; classpath='' ; cname='IMWRITE_JPEG_OPTIMIZE' ; name='IMWRITE_JPEG_OPTIMIZE' ; namespace='cv' ; value='3']
INFO:root:constant: ['const cv.IMWRITE_JPEG_RST_INTERVAL', '4', [], []]
INFO:root:ok: ConstInfo [addedManually='False' ; classname='Imgcodecs' ; classpath='' ; cname='IMWRITE_JPEG_RST_INTERVAL' ; name='IMWRITE_JPEG_RST_INTERVAL' ; namespace='cv' ; value='4']
INFO:root:constant: ['const cv.IMWRITE_JPEG_LUMA_QUALITY', '5', [], []]
INFO:root:ok: ConstInfo [addedManually='False' ; classname='Imgcodecs' ; classpath='' ; cname='IMWRITE_JPEG_LUMA_QUALITY' ; name='IMWRITE_JPEG_LUMA_QUALITY' ; namespace='cv' ; value='5']
INFO:root:constant: ['const cv.IMWRITE_JPEG_CHROMA_QUALITY', '6', [], []]
INFO:root:ok: ConstInfo [addedManually='False' ; classname='Imgcodecs' ; classpath='' ; cname='IMWRITE_JPEG_CHROMA_QUALITY' ; name='IMWRITE_JPEG_CHROMA_QUALITY' ; namespace='cv' ; value='6']
INFO:root:constant: ['const cv.IMWRITE_PNG_COMPRESSION', '16', [], []]
INFO:root:ok: ConstInfo [addedManually='False' ; classname='Imgcodecs' ; classpath='' ; cname='IMWRITE_PNG_COMPRESSION' ; name='IMWRITE_PNG_COMPRESSION' ; namespace='cv' ; value='16']
INFO:root:constant: ['const cv.IMWRITE_PNG_STRATEGY', '17', [], []]
INFO:root:ok: ConstInfo [addedManually='False' ; classname='Imgcodecs' ; classpath='' ; cname='IMWRITE_PNG_STRATEGY' ; name='IMWRITE_PNG_STRATEGY' ; namespace='cv' ; value='17']
INFO:root:constant: ['const cv.IMWRITE_PNG_BILEVEL', '18', [], []]
INFO:root:ok: ConstInfo [addedManually='False' ; classname='Imgcodecs' ; classpath='' ; cname='IMWRITE_PNG_BILEVEL' ; name='IMWRITE_PNG_BILEVEL' ; namespace='cv' ; value='18']
INFO:root:constant: ['const cv.IMWRITE_PXM_BINARY', '32', [], []]
INFO:root:ok: ConstInfo [addedManually='False' ; classname='Imgcodecs' ; classpath='' ; cname='IMWRITE_PXM_BINARY' ; name='IMWRITE_PXM_BINARY' ; namespace='cv' ; value='32']
INFO:root:constant: ['const cv.IMWRITE_WEBP_QUALITY', '64', [], []]
INFO:root:ok: ConstInfo [addedManually='False' ; classname='Imgcodecs' ; classpath='' ; cname='IMWRITE_WEBP_QUALITY' ; name='IMWRITE_WEBP_QUALITY' ; namespace='cv' ; value='64']
INFO:root:constant: ['const cv.IMWRITE_PNG_STRATEGY_DEFAULT', '0', [], []]
INFO:root:ok: ConstInfo [addedManually='False' ; classname='Imgcodecs' ; classpath='' ; cname='IMWRITE_PNG_STRATEGY_DEFAULT' ; name='IMWRITE_PNG_STRATEGY_DEFAULT' ; namespace='cv' ; value='0']
INFO:root:constant: ['const cv.IMWRITE_PNG_STRATEGY_FILTERED', '1', [], []]
INFO:root:ok: ConstInfo [addedManually='False' ; classname='Imgcodecs' ; classpath='' ; cname='IMWRITE_PNG_STRATEGY_FILTERED' ; name='IMWRITE_PNG_STRATEGY_FILTERED' ; namespace='cv' ; value='1']
INFO:root:constant: ['const cv.IMWRITE_PNG_STRATEGY_HUFFMAN_ONLY', '2', [], []]
INFO:root:ok: ConstInfo [addedManually='False' ; classname='Imgcodecs' ; classpath='' ; cname='IMWRITE_PNG_STRATEGY_HUFFMAN_ONLY' ; name='IMWRITE_PNG_STRATEGY_HUFFMAN_ONLY' ; namespace='cv' ; value='2']
INFO:root:constant: ['const cv.IMWRITE_PNG_STRATEGY_RLE', '3', [], []]
INFO:root:ok: ConstInfo [addedManually='False' ; classname='Imgcodecs' ; classpath='' ; cname='IMWRITE_PNG_STRATEGY_RLE' ; name='IMWRITE_PNG_STRATEGY_RLE' ; namespace='cv' ; value='3']
INFO:root:constant: ['const cv.IMWRITE_PNG_STRATEGY_FIXED', '4', [], []]
INFO:root:ok: ConstInfo [addedManually='False' ; classname='Imgcodecs' ; classpath='' ; cname='IMWRITE_PNG_STRATEGY_FIXED' ; name='IMWRITE_PNG_STRATEGY_FIXED' ; namespace='cv' ; value='4']
INFO:root:function: ['cv.imread', 'Mat', [], [['String', 'filename', '', []], ['int', 'flags', 'IMREAD_COLOR', []]]]
INFO:root:ok: FuncFamilyInfo [funcs='[<__main__.FuncInfo object at 0x103f437d0>]' ; isconstructor='False' ; jname='imread']
INFO:root:function: ['cv.imwrite', 'bool', [], [['String', 'filename', '', []], ['Mat', 'img', '', []], ['vector_int', 'params', 'std::vector<int>()', []]]]
INFO:root:ok: FuncFamilyInfo [funcs='[<__main__.FuncInfo object at 0x103f43890>]' ; isconstructor='False' ; jname='imwrite']
INFO:root:function: ['cv.imdecode', 'Mat', [], [['Mat', 'buf', '', []], ['int', 'flags', '', []]]]
INFO:root:ok: FuncFamilyInfo [funcs='[<__main__.FuncInfo object at 0x103f439d0>]' ; isconstructor='False' ; jname='imdecode']
INFO:root:function: ['cv.imencode', 'bool', [], [['String', 'ext', '', []], ['Mat', 'img', '', []], ['vector_uchar', 'buf', '', ['/O']], ['vector_int', 'params', 'std::vector<int>()', []]]]
INFO:root:ok: FuncFamilyInfo [funcs='[<__main__.FuncInfo object at 0x103f43ad0>]' ; isconstructor='False' ; jname='imencode']
INFO:root:=== Header: /Users/swinston/Mirada/lib/c/opencv/modules/imgcodecs/include/opencv2/imgcodecs/imgcodecs.hpp
INFO:root:=== Namespaces: set(['', 'cv'])
